[0.005s] Invoking command in '/home/deepblue/ros2_autonomous_cpp/build/perception_pkg': CMAKE_PREFIX_PATH=/opt/ros/humble /usr/bin/cmake /home/deepblue/ros2_autonomous_cpp/src/perception_pkg -DCMAKE_INSTALL_PREFIX=/home/deepblue/ros2_autonomous_cpp/install/perception_pkg
[0.012s] -- Found ament_cmake: 1.3.12 (/opt/ros/humble/share/ament_cmake/cmake)
[0.081s] -- Override CMake install command with custom implementation using symlinks instead of copying resources
[0.084s] -- Found rclcpp: 16.0.17 (/opt/ros/humble/share/rclcpp/cmake)
[0.098s] -- Found rosidl_generator_c: 3.1.8 (/opt/ros/humble/share/rosidl_generator_c/cmake)
[0.099s] -- Found rosidl_adapter: 3.1.8 (/opt/ros/humble/share/rosidl_adapter/cmake)
[0.102s] -- Found rosidl_generator_cpp: 3.1.8 (/opt/ros/humble/share/rosidl_generator_cpp/cmake)
[0.106s] -- Using all available rosidl_typesupport_c: rosidl_typesupport_fastrtps_c;rosidl_typesupport_introspection_c
[0.112s] -- Using all available rosidl_typesupport_cpp: rosidl_typesupport_fastrtps_cpp;rosidl_typesupport_introspection_cpp
[0.126s] -- Found rmw_implementation_cmake: 6.1.2 (/opt/ros/humble/share/rmw_implementation_cmake/cmake)
[0.127s] -- Found rmw_fastrtps_cpp: 6.2.9 (/opt/ros/humble/share/rmw_fastrtps_cpp/cmake)
[0.180s] -- Using RMW implementation 'rmw_fastrtps_cpp' as default
[0.203s] -- Found rclpy: 3.3.19 (/opt/ros/humble/share/rclpy/cmake)
[0.203s] -- Found sensor_msgs: 4.9.0 (/opt/ros/humble/share/sensor_msgs/cmake)
[0.217s] -- Found cv_bridge: 3.2.1 (/opt/ros/humble/share/cv_bridge/cmake)
[0.221s] -- Found image_transport: 3.1.12 (/opt/ros/humble/share/image_transport/cmake)
[0.237s] -- Found ament_lint_auto: 0.12.14 (/opt/ros/humble/share/ament_lint_auto/cmake)
[0.279s] -- Added test 'copyright' to check source files copyright and LICENSE
[0.280s] -- Added test 'cppcheck' to perform static code analysis on C / C++ code
[0.280s] -- Configured cppcheck include dirs: $<BUILD_INTERFACE:/home/deepblue/ros2_autonomous_cpp/src/perception_pkg/include>
[0.280s] -- Configured cppcheck exclude dirs and/or files: 
[0.281s] -- Added test 'cpplint' to check C / C++ code against the Google style
[0.281s] -- Configured cpplint exclude dirs and/or files: 
[0.281s] -- Added test 'flake8' to check Python code syntax and style conventions
[0.281s] -- Added test 'lint_cmake' to check CMake code style
[0.281s] -- Added test 'pep257' to check Python code against some of the docstring style conventions in PEP 257
[0.282s] -- Added test 'uncrustify' to check C / C++ code style
[0.282s] -- Configured uncrustify additional arguments: 
[0.282s] -- Added test 'xmllint' to check XML markup files
[0.283s] -- Configuring done
[0.300s] -- Generating done
[0.304s] -- Build files have been written to: /home/deepblue/ros2_autonomous_cpp/build/perception_pkg
[0.311s] Invoked command in '/home/deepblue/ros2_autonomous_cpp/build/perception_pkg' returned '0': CMAKE_PREFIX_PATH=/opt/ros/humble /usr/bin/cmake /home/deepblue/ros2_autonomous_cpp/src/perception_pkg -DCMAKE_INSTALL_PREFIX=/home/deepblue/ros2_autonomous_cpp/install/perception_pkg
[0.312s] Invoking command in '/home/deepblue/ros2_autonomous_cpp/build/perception_pkg': CMAKE_PREFIX_PATH=/opt/ros/humble /usr/bin/cmake --build /home/deepblue/ros2_autonomous_cpp/build/perception_pkg -- -j16 -l16
[0.339s] Consolidate compiler generated dependencies of target perception_common
[0.347s] [ 33%] Built target perception_common
[0.360s] [ 66%] Building CXX object CMakeFiles/obstacle_detection_node.dir/src/obstacle_detection_node.cpp.o
[0.360s] [ 66%] Building CXX object CMakeFiles/lane_tracking_node.dir/src/lane_tracking_node.cpp.o
[0.360s] [ 66%] Building CXX object CMakeFiles/lane_marking_node.dir/src/lane_marking_node.cpp.o
[2.520s] /home/deepblue/ros2_autonomous_cpp/src/perception_pkg/src/lane_marking_node.cpp: In member function ‘void perception_pkg::LaneMarkingNode::compressedCallback(sensor_msgs::msg::CompressedImage_<std::allocator<void> >::SharedPtr)’:
[2.520s] /home/deepblue/ros2_autonomous_cpp/src/perception_pkg/src/lane_marking_node.cpp:93:29: error: ‘imdecode’ is not a member of ‘cv’
[2.520s]    93 |         cv::Mat frame = cv::imdecode(cv::Mat(msg->data), cv::IMREAD_COLOR);
[2.520s]       |                             ^~~~~~~~
[2.522s] /home/deepblue/ros2_autonomous_cpp/src/perception_pkg/src/lane_marking_node.cpp:93:62: error: ‘IMREAD_COLOR’ is not a member of ‘cv’
[2.522s]    93 |         cv::Mat frame = cv::imdecode(cv::Mat(msg->data), cv::IMREAD_COLOR);
[2.522s]       |                                                              ^~~~~~~~~~~~
[2.533s] /home/deepblue/ros2_autonomous_cpp/src/perception_pkg/src/lane_tracking_node.cpp: In member function ‘void perception_pkg::LaneTrackingNode::compressedCallback(sensor_msgs::msg::CompressedImage_<std::allocator<void> >::SharedPtr)’:
[2.533s] /home/deepblue/ros2_autonomous_cpp/src/perception_pkg/src/lane_tracking_node.cpp:68:29: error: ‘imdecode’ is not a member of ‘cv’
[2.534s]    68 |         cv::Mat frame = cv::imdecode(cv::Mat(msg->data), cv::IMREAD_COLOR);
[2.534s]       |                             ^~~~~~~~
[2.535s] /home/deepblue/ros2_autonomous_cpp/src/perception_pkg/src/lane_tracking_node.cpp:68:62: error: ‘IMREAD_COLOR’ is not a member of ‘cv’
[2.535s]    68 |         cv::Mat frame = cv::imdecode(cv::Mat(msg->data), cv::IMREAD_COLOR);
[2.535s]       |                                                              ^~~~~~~~~~~~
[2.540s] /home/deepblue/ros2_autonomous_cpp/src/perception_pkg/src/lane_marking_node.cpp: In member function ‘perception_pkg::LineStyle perception_pkg::LaneMarkingNode::estimateStyle(const cv::Mat&, const std::vector<int>&, const std::vector<int>&)’:
[2.541s] /home/deepblue/ros2_autonomous_cpp/src/perception_pkg/src/lane_marking_node.cpp:249:66: warning: unused parameter ‘ys’ [-Wunused-parameter]
[2.541s]   249 |                                          const std::vector<int>& ys) {
[2.541s]       |                                          ~~~~~~~~~~~~~~~~~~~~~~~~^~
[2.544s] /home/deepblue/ros2_autonomous_cpp/src/perception_pkg/src/lane_marking_node.cpp: In member function ‘perception_pkg::StopLine perception_pkg::LaneMarkingNode::detectStopLine(const cv::Mat&, int)’:
[2.544s] /home/deepblue/ros2_autonomous_cpp/src/perception_pkg/src/lane_marking_node.cpp:268:9: warning: unused variable ‘w’ [-Wunused-variable]
[2.544s]   268 |     int w = frame.cols;
[2.544s]       |         ^
[2.544s] /home/deepblue/ros2_autonomous_cpp/src/perception_pkg/src/lane_marking_node.cpp:266:68: warning: unused parameter ‘roi_y’ [-Wunused-parameter]
[2.544s]   266 | StopLine LaneMarkingNode::detectStopLine(const cv::Mat& frame, int roi_y) {
[2.544s]       |                                                                ~~~~^~~~~
[4.928s] gmake[2]: *** [CMakeFiles/lane_tracking_node.dir/build.make:76: CMakeFiles/lane_tracking_node.dir/src/lane_tracking_node.cpp.o] Error 1
[4.928s] gmake[1]: *** [CMakeFiles/Makefile2:195: CMakeFiles/lane_tracking_node.dir/all] Error 2
[4.928s] gmake[1]: *** Waiting for unfinished jobs....
[5.404s] gmake[2]: *** [CMakeFiles/lane_marking_node.dir/build.make:76: CMakeFiles/lane_marking_node.dir/src/lane_marking_node.cpp.o] Error 1
[5.404s] gmake[1]: *** [CMakeFiles/Makefile2:169: CMakeFiles/lane_marking_node.dir/all] Error 2
[7.969s] [ 77%] Linking CXX executable obstacle_detection_node
[8.473s] [ 77%] Built target obstacle_detection_node
[8.473s] gmake: *** [Makefile:146: all] Error 2
[8.475s] Invoked command in '/home/deepblue/ros2_autonomous_cpp/build/perception_pkg' returned '2': CMAKE_PREFIX_PATH=/opt/ros/humble /usr/bin/cmake --build /home/deepblue/ros2_autonomous_cpp/build/perception_pkg -- -j16 -l16
