[ 22%] Building CXX object CMakeFiles/perception_common.dir/src/common/lane_geometry.cpp.o
[ 22%] Building CXX object CMakeFiles/perception_common.dir/src/common/image_utils.cpp.o
[ 33%] Linking CXX shared library libperception_common.so
[ 33%] Built target perception_common
[ 66%] Building CXX object CMakeFiles/lane_marking_node.dir/src/lane_marking_node.cpp.o
[ 66%] Building CXX object CMakeFiles/lane_tracking_node.dir/src/lane_tracking_node.cpp.o
[ 66%] Building CXX object CMakeFiles/obstacle_detection_node.dir/src/obstacle_detection_node.cpp.o
In file included from /home/deepblue/ros2_autonomous_cpp/src/perception_pkg/src/lane_tracking_node.cpp:1:
/home/deepblue/ros2_autonomous_cpp/src/perception_pkg/include/perception_pkg/lane_tracking_node.hpp:4:10: fatal error: ros/ros.h: No such file or directory
    4 | #include <ros/ros.h>
      |          ^~~~~~~~~~~
compilation terminated.
In file included from /home/deepblue/ros2_autonomous_cpp/src/perception_pkg/src/lane_marking_node.cpp:1:
/home/deepblue/ros2_autonomous_cpp/src/perception_pkg/include/perception_pkg/lane_marking_node.hpp:4:10: fatal error: ros/ros.h: No such file or directory
    4 | #include <ros/ros.h>
      |          ^~~~~~~~~~~
compilation terminated.
In file included from /home/deepblue/ros2_autonomous_cpp/src/perception_pkg/src/obstacle_detection_node.cpp:1:
/home/deepblue/ros2_autonomous_cpp/src/perception_pkg/include/perception_pkg/obstacle_detection_node.hpp:4:10: fatal error: ros/ros.h: No such file or directory
    4 | #include <ros/ros.h>
      |          ^~~~~~~~~~~
compilation terminated.
gmake[2]: *** [CMakeFiles/lane_tracking_node.dir/build.make:76: CMakeFiles/lane_tracking_node.dir/src/lane_tracking_node.cpp.o] Error 1
gmake[1]: *** [CMakeFiles/Makefile2:195: CMakeFiles/lane_tracking_node.dir/all] Error 2
gmake[1]: *** Waiting for unfinished jobs....
gmake[2]: *** [CMakeFiles/lane_marking_node.dir/build.make:76: CMakeFiles/lane_marking_node.dir/src/lane_marking_node.cpp.o] Error 1
gmake[2]: *** [CMakeFiles/obstacle_detection_node.dir/build.make:76: CMakeFiles/obstacle_detection_node.dir/src/obstacle_detection_node.cpp.o] Error 1
gmake[1]: *** [CMakeFiles/Makefile2:169: CMakeFiles/lane_marking_node.dir/all] Error 2
gmake[1]: *** [CMakeFiles/Makefile2:221: CMakeFiles/obstacle_detection_node.dir/all] Error 2
gmake: *** [Makefile:146: all] Error 2
